python : Traceback (most 
recent call last):
At line:1 char:30
+ .\venv\Scripts\Activate.
ps1; python manage.py 
check 2> error.log
+                         
     ~~~~~~~~~~~~~~~~~~~~~
~~~~~~~~~~~~~~
    + CategoryInfo        
      : NotSpecified: (T  
  raceback (most recent   
  call last)::String)     
[], RemoteException
    + FullyQualifiedError 
   Id : NativeCommandErr  
  or
 
  File "C:\Users\ashik\One
Drive\Desktop\LOREEZ-Ecomm
erce-Website\backend\manag
e.py", line 22, in 
<module>
    main()
    ~~~~^^
  File "C:\Users\ashik\One
Drive\Desktop\LOREEZ-Ecomm
erce-Website\backend\manag
e.py", line 18, in main
    execute_from_command_l
ine(sys.argv)
    ~~~~~~~~~~~~~~~~~~~~~~
~~~^^^^^^^^^^
  File "C:\Users\ashik\One
Drive\Desktop\LOREEZ-Ecomm
erce-Website\backend\venv\
Lib\site-packages\django\c
ore\management\__init__.py
", line 443, in 
execute_from_command_line
    utility.execute()
    ~~~~~~~~~~~~~~~^^
  File "C:\Users\ashik\One
Drive\Desktop\LOREEZ-Ecomm
erce-Website\backend\venv\
Lib\site-packages\django\c
ore\management\__init__.py
", line 437, in execute
    self.fetch_command(sub
command).run_from_argv(sel
f.argv)
    ~~~~~~~~~~~~~~~~~~~~~~
~~~~~~~~~~~~~~~~~~~~~~^^^^
^^^^^^^
  File "C:\Users\ashik\One
Drive\Desktop\LOREEZ-Ecomm
erce-Website\backend\venv\
Lib\site-packages\django\c
ore\management\base.py", 
line 420, in run_from_argv
    self.execute(*args, 
**cmd_options)
    ~~~~~~~~~~~~^^^^^^^^^^
^^^^^^^^^^^^
  File "C:\Users\ashik\One
Drive\Desktop\LOREEZ-Ecomm
erce-Website\backend\venv\
Lib\site-packages\django\c
ore\management\base.py", 
line 464, in execute
    output = 
self.handle(*args, 
**options)
  File "C:\Users\ashik\One
Drive\Desktop\LOREEZ-Ecomm
erce-Website\backend\venv\
Lib\site-packages\django\c
ore\management\commands\ch
eck.py", line 81, in 
handle
    self.check(
    ~~~~~~~~~~^
        
app_configs=app_configs,
        
^^^^^^^^^^^^^^^^^^^^^^^^
    ...<4 lines>...
        databases=options[
"databases"],
        ^^^^^^^^^^^^^^^^^^
^^^^^^^^^^^^^
    )
    ^
  File "C:\Users\ashik\One
Drive\Desktop\LOREEZ-Ecomm
erce-Website\backend\venv\
Lib\site-packages\django\c
ore\management\base.py", 
line 496, in check
    all_issues = 
checks.run_checks(
        
app_configs=app_configs,
    ...<2 lines>...
        
databases=databases,
    )
  File "C:\Users\ashik\One
Drive\Desktop\LOREEZ-Ecomm
erce-Website\backend\venv\
Lib\site-packages\django\c
ore\checks\registry.py", 
line 89, in run_checks
    new_errors = check(app
_configs=app_configs, 
databases=databases)
  File "C:\Users\ashik\One
Drive\Desktop\LOREEZ-Ecomm
erce-Website\backend\venv\
Lib\site-packages\django\c
ore\checks\urls.py", line 
16, in check_url_config
    return 
check_resolver(resolver)
  File "C:\Users\ashik\One
Drive\Desktop\LOREEZ-Ecomm
erce-Website\backend\venv\
Lib\site-packages\django\c
ore\checks\urls.py", line 
26, in check_resolver
    return check_method()
  File "C:\Users\ashik\One
Drive\Desktop\LOREEZ-Ecomm
erce-Website\backend\venv\
Lib\site-packages\django\u
rls\resolvers.py", line 
541, in check
    for pattern in 
self.url_patterns:
                   
^^^^^^^^^^^^^^^^^
  File "C:\Users\ashik\One
Drive\Desktop\LOREEZ-Ecomm
erce-Website\backend\venv\
Lib\site-packages\django\u
tils\functional.py", line 
47, in __get__
    res = instance.__dict_
_[self.name] = 
self.func(instance)
                          
               
~~~~~~~~~^^^^^^^^^^
  File "C:\Users\ashik\One
Drive\Desktop\LOREEZ-Ecomm
erce-Website\backend\venv\
Lib\site-packages\django\u
rls\resolvers.py", line 
729, in url_patterns
    patterns = getattr(sel
f.urlconf_module, 
"urlpatterns", 
self.urlconf_module)
                       
^^^^^^^^^^^^^^^^^^^
  File "C:\Users\ashik\One
Drive\Desktop\LOREEZ-Ecomm
erce-Website\backend\venv\
Lib\site-packages\django\u
tils\functional.py", line 
47, in __get__
    res = instance.__dict_
_[self.name] = 
self.func(instance)
                          
               
~~~~~~~~~^^^^^^^^^^
  File "C:\Users\ashik\One
Drive\Desktop\LOREEZ-Ecomm
erce-Website\backend\venv\
Lib\site-packages\django\u
rls\resolvers.py", line 
722, in urlconf_module
    return import_module(s
elf.urlconf_name)
  File "C:\Users\ashik\App
Data\Local\Programs\Python
\Python314\Lib\importlib\_
_init__.py", line 88, in 
import_module
    return _bootstrap._gcd
_import(name[level:], 
package, level)
           ~~~~~~~~~~~~~~~
~~~~~~~^^^^^^^^^^^^^^^^^^^
^^^^^^^^^^^
  File "<frozen 
importlib._bootstrap>", 
line 1398, in _gcd_import
  File "<frozen 
importlib._bootstrap>", 
line 1371, in 
_find_and_load
  File "<frozen 
importlib._bootstrap>", 
line 1342, in 
_find_and_load_unlocked
  File "<frozen 
importlib._bootstrap>", 
line 938, in 
_load_unlocked
  File "<frozen importlib.
_bootstrap_external>", 
line 762, in exec_module
  File "<frozen 
importlib._bootstrap>", 
line 491, in 
_call_with_frames_removed
  File "C:\Users\ashik\One
Drive\Desktop\LOREEZ-Ecomm
erce-Website\backend\confi
g\urls.py", line 33, in 
<module>
    path('api/admin/', inc
lude('apps.admin_api.urls'
)),
                       ~~~
~~~~^^^^^^^^^^^^^^^^^^^^^^
^
  File "C:\Users\ashik\One
Drive\Desktop\LOREEZ-Ecomm
erce-Website\backend\venv\
Lib\site-packages\django\u
rls\conf.py", line 39, in 
include
    urlconf_module = impor
t_module(urlconf_module)
  File "C:\Users\ashik\App
Data\Local\Programs\Python
\Python314\Lib\importlib\_
_init__.py", line 88, in 
import_module
    return _bootstrap._gcd
_import(name[level:], 
package, level)
           ~~~~~~~~~~~~~~~
~~~~~~~^^^^^^^^^^^^^^^^^^^
^^^^^^^^^^^
  File "<frozen 
importlib._bootstrap>", 
line 1398, in _gcd_import
  File "<frozen 
importlib._bootstrap>", 
line 1371, in 
_find_and_load
  File "<frozen 
importlib._bootstrap>", 
line 1342, in 
_find_and_load_unlocked
  File "<frozen 
importlib._bootstrap>", 
line 938, in 
_load_unlocked
  File "<frozen importlib.
_bootstrap_external>", 
line 762, in exec_module
  File "<frozen 
importlib._bootstrap>", 
line 491, in 
_call_with_frames_removed
  File "C:\Users\ashik\One
Drive\Desktop\LOREEZ-Ecomm
erce-Website\backend\apps\
admin_api\urls.py", line 
2, in <module>
    from admin_api.views.d
ashboard_views import 
AdminDashboardView
ModuleNotFoundError: No 
module named 'admin_api'
